Build started 22.12.2012 17:27:49.
     1>Project "F:\CEN133-SOFTWARE ENGINEER\PROJECTS\MATH FUNCTION PROBLEM ( FNC)\MATH FUNCTION PROBLEM ( FNC)\MATH FUNCTION PROBLEM ( FNC).vcxproj" on node 2 (rebuild target(s)).
     1>PrepareForBuild:
         Creating directory "F:\CEN133-SOFTWARE ENGINEER\PROJECTS\MATH FUNCTION PROBLEM ( FNC)\Debug\".
       InitializeBuildStatus:
         Creating "Debug\MATH FUNCTION PROBLEM ( FNC).unsuccessfulbuild" because "AlwaysCreate" was specified.
       ClCompile:
         C:\Program Files (x86)\Microsoft Visual Studio 10.0\VC\bin\CL.exe /c /ZI /nologo /W3 /WX- /Od /Oy- /D "WIN32" /D _DEBUG /D _CONSOLE /D "_UNICODE" /D "UNICODE" /Gm /EHsc /RTC1 /MDd /GS /fp:precise /Zc:wchar_t /Zc:forScope /Fo"Debug\\" /Fd"Debug\vc100.pdb" /Gd /TC /analyze- /errorReport:prompt Math.c
         Math.c
     1>f:\cen133-software engineer\projects\math function problem ( fnc)\math function problem ( fnc)\math.c(15): warning C4996: 'scanf': This function or variable may be unsafe. Consider using scanf_s instead. To disable deprecation, use _CRT_SECURE_NO_WARNINGS. See online help for details.
                 c:\program files (x86)\microsoft visual studio 10.0\vc\include\stdio.h(304) : see declaration of 'scanf'
     1>f:\cen133-software engineer\projects\math function problem ( fnc)\math function problem ( fnc)\math.c(17): warning C4996: 'scanf': This function or variable may be unsafe. Consider using scanf_s instead. To disable deprecation, use _CRT_SECURE_NO_WARNINGS. See online help for details.
                 c:\program files (x86)\microsoft visual studio 10.0\vc\include\stdio.h(304) : see declaration of 'scanf'
     1>f:\cen133-software engineer\projects\math function problem ( fnc)\math function problem ( fnc)\math.c(19): warning C4996: 'scanf': This function or variable may be unsafe. Consider using scanf_s instead. To disable deprecation, use _CRT_SECURE_NO_WARNINGS. See online help for details.
                 c:\program files (x86)\microsoft visual studio 10.0\vc\include\stdio.h(304) : see declaration of 'scanf'
       ManifestResourceCompile:
         C:\Program Files (x86)\Microsoft SDKs\Windows\v7.0A\bin\rc.exe /nologo /fo"Debug\MATH FUNCTION PROBLEM ( FNC).exe.embed.manifest.res" "Debug\MATH FUNCTION PROBLEM ( FNC)_manifest.rc" 
       Link:
         C:\Program Files (x86)\Microsoft Visual Studio 10.0\VC\bin\link.exe /ERRORREPORT:PROMPT /OUT:"F:\CEN133-SOFTWARE ENGINEER\PROJECTS\MATH FUNCTION PROBLEM ( FNC)\Debug\MATH FUNCTION PROBLEM ( FNC).exe" /INCREMENTAL /NOLOGO kernel32.lib user32.lib gdi32.lib winspool.lib comdlg32.lib advapi32.lib shell32.lib ole32.lib oleaut32.lib uuid.lib odbc32.lib odbccp32.lib /MANIFEST /ManifestFile:"Debug\MATH FUNCTION PROBLEM ( FNC).exe.intermediate.manifest" /MANIFESTUAC:"level='asInvoker' uiAccess='false'" /DEBUG /PDB:"F:\CEN133-SOFTWARE ENGINEER\PROJECTS\MATH FUNCTION PROBLEM ( FNC)\Debug\MATH FUNCTION PROBLEM ( FNC).pdb" /SUBSYSTEM:CONSOLE /TLBID:1 /DYNAMICBASE /NXCOMPAT /IMPLIB:"F:\CEN133-SOFTWARE ENGINEER\PROJECTS\MATH FUNCTION PROBLEM ( FNC)\Debug\MATH FUNCTION PROBLEM ( FNC).lib" /MACHINE:X86 "Debug\MATH FUNCTION PROBLEM ( FNC).exe.embed.manifest.res"
         Debug\Math.obj
       Manifest:
         Deleting file "Debug\MATH FUNCTION PROBLEM ( FNC).exe.embed.manifest".
         C:\Program Files (x86)\Microsoft SDKs\Windows\v7.0A\bin\mt.exe /nologo /verbose /out:"Debug\MATH FUNCTION PROBLEM ( FNC).exe.embed.manifest" /manifest "Debug\MATH FUNCTION PROBLEM ( FNC).exe.intermediate.manifest"
         C:\Program Files (x86)\Microsoft SDKs\Windows\v7.0A\bin\rc.exe /nologo /fo"Debug\MATH FUNCTION PROBLEM ( FNC).exe.embed.manifest.res" "Debug\MATH FUNCTION PROBLEM ( FNC)_manifest.rc" 
       LinkEmbedManifest:
         C:\Program Files (x86)\Microsoft Visual Studio 10.0\VC\bin\link.exe /ERRORREPORT:PROMPT /OUT:"F:\CEN133-SOFTWARE ENGINEER\PROJECTS\MATH FUNCTION PROBLEM ( FNC)\Debug\MATH FUNCTION PROBLEM ( FNC).exe" /INCREMENTAL /NOLOGO kernel32.lib user32.lib gdi32.lib winspool.lib comdlg32.lib advapi32.lib shell32.lib ole32.lib oleaut32.lib uuid.lib odbc32.lib odbccp32.lib /MANIFEST /ManifestFile:"Debug\MATH FUNCTION PROBLEM ( FNC).exe.intermediate.manifest" /MANIFESTUAC:"level='asInvoker' uiAccess='false'" /DEBUG /PDB:"F:\CEN133-SOFTWARE ENGINEER\PROJECTS\MATH FUNCTION PROBLEM ( FNC)\Debug\MATH FUNCTION PROBLEM ( FNC).pdb" /SUBSYSTEM:CONSOLE /TLBID:1 /DYNAMICBASE /NXCOMPAT /IMPLIB:"F:\CEN133-SOFTWARE ENGINEER\PROJECTS\MATH FUNCTION PROBLEM ( FNC)\Debug\MATH FUNCTION PROBLEM ( FNC).lib" /MACHINE:X86 "Debug\MATH FUNCTION PROBLEM ( FNC).exe.embed.manifest.res"
         Debug\Math.obj
         MATH FUNCTION PROBLEM ( FNC).vcxproj -> F:\CEN133-SOFTWARE ENGINEER\PROJECTS\MATH FUNCTION PROBLEM ( FNC)\Debug\MATH FUNCTION PROBLEM ( FNC).exe
       FinalizeBuildStatus:
         Deleting file "Debug\MATH FUNCTION PROBLEM ( FNC).unsuccessfulbuild".
         Touching "Debug\MATH FUNCTION PROBLEM ( FNC).lastbuildstate".
     1>Done Building Project "F:\CEN133-SOFTWARE ENGINEER\PROJECTS\MATH FUNCTION PROBLEM ( FNC)\MATH FUNCTION PROBLEM ( FNC)\MATH FUNCTION PROBLEM ( FNC).vcxproj" (rebuild target(s)).

Build succeeded.

Time Elapsed 00:00:00.41
